This file contains any messages produced by compilers while
running configure, to aid debugging if configure makes a mistake.

It was created by ccnet configure 6.0.1, which was
generated by GNU Autoconf 2.69.  Invocation command line was

  $ ./configure --enable-ldap

## --------- ##
## Platform. ##
## --------- ##

hostname = zahir-VBUbuntu
uname -m = x86_64
uname -r = 4.4.0-53-generic
uname -s = Linux
uname -v = #74-Ubuntu SMP Fri Dec 2 15:59:10 UTC 2016

/usr/bin/uname -p = unknown
/bin/uname -X     = unknown

/bin/arch              = unknown
/usr/bin/arch -k       = unknown
/usr/convex/getsysinfo = unknown
/usr/bin/hostinfo      = unknown
/bin/machine           = unknown
/usr/bin/oslevel       = unknown
/bin/universe          = unknown

PATH: /usr/local/sbin
PATH: /usr/local/bin
PATH: /usr/sbin
PATH: /usr/bin
PATH: /sbin
PATH: /bin
PATH: /snap/bin
PATH: /snap/bin


## ----------- ##
## Core tests. ##
## ----------- ##

configure:2385: checking for a BSD-compatible install
configure:2453: result: /usr/bin/install -c
configure:2464: checking whether build environment is sane
configure:2519: result: yes
configure:2670: checking for a thread-safe mkdir -p
configure:2709: result: /bin/mkdir -p
configure:2716: checking for gawk
configure:2746: result: no
configure:2716: checking for mawk
configure:2732: found /usr/bin/mawk
configure:2743: result: mawk
configure:2754: checking whether make sets $(MAKE)
configure:2776: result: yes
configure:2805: checking whether make supports nested variables
configure:2822: result: yes
configure:2954: checking build system type
configure:2968: result: x86_64-pc-linux-gnu
configure:3072: checking for gcc
configure:3088: found /usr/bin/gcc
configure:3099: result: gcc
configure:3328: checking for C compiler version
configure:3337: gcc --version >&5
gcc (Ubuntu 5.4.0-6ubuntu1~16.04.4) 5.4.0 20160609
Copyright (C) 2015 Free Software Foundation, Inc.
This is free software; see the source for copying conditions.  There is NO
warranty; not even for MERCHANTABILITY or FITNESS FOR A PARTICULAR PURPOSE.

configure:3348: $? = 0
configure:3337: gcc -v >&5
Using built-in specs.
COLLECT_GCC=gcc
COLLECT_LTO_WRAPPER=/usr/lib/gcc/x86_64-linux-gnu/5/lto-wrapper
Target: x86_64-linux-gnu
Configured with: ../src/configure -v --with-pkgversion='Ubuntu 5.4.0-6ubuntu1~16.04.4' --with-bugurl=file:///usr/share/doc/gcc-5/README.Bugs --enable-languages=c,ada,c++,java,go,d,fortran,objc,obj-c++ --prefix=/usr --program-suffix=-5 --enable-shared --enable-linker-build-id --libexecdir=/usr/lib --without-included-gettext --enable-threads=posix --libdir=/usr/lib --enable-nls --with-sysroot=/ --enable-clocale=gnu --enable-libstdcxx-debug --enable-libstdcxx-time=yes --with-default-libstdcxx-abi=new --enable-gnu-unique-object --disable-vtable-verify --enable-libmpx --enable-plugin --with-system-zlib --disable-browser-plugin --enable-java-awt=gtk --enable-gtk-cairo --with-java-home=/usr/lib/jvm/java-1.5.0-gcj-5-amd64/jre --enable-java-home --with-jvm-root-dir=/usr/lib/jvm/java-1.5.0-gcj-5-amd64 --with-jvm-jar-dir=/usr/lib/jvm-exports/java-1.5.0-gcj-5-amd64 --with-arch-directory=amd64 --with-ecj-jar=/usr/share/java/eclipse-ecj.jar --enable-objc-gc --enable-multiarch --disable-werror --with-arch-32=i686 --with-abi=m64 --with-multilib-list=m32,m64,mx32 --enable-multilib --with-tune=generic --enable-checking=release --build=x86_64-linux-gnu --host=x86_64-linux-gnu --target=x86_64-linux-gnu
Thread model: posix
gcc version 5.4.0 20160609 (Ubuntu 5.4.0-6ubuntu1~16.04.4) 
configure:3348: $? = 0
configure:3337: gcc -V >&5
gcc: error: unrecognized command line option '-V'
gcc: fatal error: no input files
compilation terminated.
configure:3348: $? = 1
configure:3337: gcc -qversion >&5
gcc: error: unrecognized command line option '-qversion'
gcc: fatal error: no input files
compilation terminated.
configure:3348: $? = 1
configure:3368: checking whether the C compiler works
configure:3390: gcc    conftest.c  >&5
configure:3394: $? = 0
configure:3442: result: yes
configure:3445: checking for C compiler default output file name
configure:3447: result: a.out
configure:3453: checking for suffix of executables
configure:3460: gcc -o conftest    conftest.c  >&5
configure:3464: $? = 0
configure:3486: result: 
configure:3508: checking whether we are cross compiling
configure:3516: gcc -o conftest    conftest.c  >&5
configure:3520: $? = 0
configure:3527: ./conftest
configure:3531: $? = 0
configure:3546: result: no
configure:3551: checking for suffix of object files
configure:3573: gcc -c   conftest.c >&5
configure:3577: $? = 0
configure:3598: result: o
configure:3602: checking whether we are using the GNU C compiler
configure:3621: gcc -c   conftest.c >&5
configure:3621: $? = 0
configure:3630: result: yes
configure:3639: checking whether gcc accepts -g
configure:3659: gcc -c -g  conftest.c >&5
configure:3659: $? = 0
configure:3700: result: yes
configure:3717: checking for gcc option to accept ISO C89
configure:3780: gcc  -c -g -O2  conftest.c >&5
configure:3780: $? = 0
configure:3793: result: none needed
configure:3818: checking whether gcc understands -c and -o together
configure:3840: gcc -c conftest.c -o conftest2.o
configure:3843: $? = 0
configure:3840: gcc -c conftest.c -o conftest2.o
configure:3843: $? = 0
configure:3855: result: yes
configure:3883: checking for style of include used by make
configure:3911: result: GNU
configure:3937: checking dependency style of gcc
configure:4048: result: gcc3
configure:4065: checking for an ANSI C-conforming const
configure:4131: gcc -c -g -O2  conftest.c >&5
configure:4131: $? = 0
configure:4138: result: yes
configure:4146: checking whether make sets $(MAKE)
configure:4168: result: yes
configure:4203: checking host system type
configure:4216: result: x86_64-pc-linux-gnu
configure:4257: checking how to print strings
configure:4284: result: printf
configure:4305: checking for a sed that does not truncate output
configure:4369: result: /bin/sed
configure:4387: checking for grep that handles long lines and -e
configure:4445: result: /bin/grep
configure:4450: checking for egrep
configure:4512: result: /bin/grep -E
configure:4517: checking for fgrep
configure:4579: result: /bin/grep -F
configure:4614: checking for ld used by gcc
configure:4681: result: /usr/bin/ld
configure:4688: checking if the linker (/usr/bin/ld) is GNU ld
configure:4703: result: yes
configure:4715: checking for BSD- or MS-compatible name lister (nm)
configure:4769: result: /usr/bin/nm -B
configure:4899: checking the name lister (/usr/bin/nm -B) interface
configure:4906: gcc -c -g -O2  conftest.c >&5
configure:4909: /usr/bin/nm -B "conftest.o"
configure:4912: output
0000000000000000 B some_variable
configure:4919: result: BSD nm
configure:4922: checking whether ln -s works
configure:4926: result: yes
configure:4934: checking the maximum length of command line arguments
configure:5065: result: 1572864
configure:5113: checking how to convert x86_64-pc-linux-gnu file names to x86_64-pc-linux-gnu format
configure:5153: result: func_convert_file_noop
configure:5160: checking how to convert x86_64-pc-linux-gnu file names to toolchain format
configure:5180: result: func_convert_file_noop
configure:5187: checking for /usr/bin/ld option to reload object files
configure:5194: result: -r
configure:5268: checking for objdump
configure:5284: found /usr/bin/objdump
configure:5295: result: objdump
configure:5327: checking how to recognize dependent libraries
configure:5527: result: pass_all
configure:5612: checking for dlltool
configure:5642: result: no
configure:5672: checking how to associate runtime and link libraries
configure:5699: result: printf %s\n
configure:5759: checking for ar
configure:5775: found /usr/bin/ar
configure:5786: result: ar
configure:5823: checking for archiver @FILE support
configure:5840: gcc -c -g -O2  conftest.c >&5
configure:5840: $? = 0
configure:5843: ar cru libconftest.a @conftest.lst >&5
ar: `u' modifier ignored since `D' is the default (see `U')
configure:5846: $? = 0
configure:5851: ar cru libconftest.a @conftest.lst >&5
ar: `u' modifier ignored since `D' is the default (see `U')
ar: conftest.o: No such file or directory
configure:5854: $? = 1
configure:5866: result: @
configure:5924: checking for strip
configure:5940: found /usr/bin/strip
configure:5951: result: strip
configure:6023: checking for ranlib
configure:6039: found /usr/bin/ranlib
configure:6050: result: ranlib
configure:6152: checking command to parse /usr/bin/nm -B output from gcc object
configure:6305: gcc -c -g -O2  conftest.c >&5
configure:6308: $? = 0
configure:6312: /usr/bin/nm -B conftest.o \| sed -n -e 's/^.*[ ]\([ABCDGIRSTW][ABCDGIRSTW]*\)[ ][ ]*\([_A-Za-z][_A-Za-z0-9]*\)$/\1 \2 \2/p' | sed '/ __gnu_lto/d' \> conftest.nm
configure:6315: $? = 0
configure:6381: gcc -o conftest -g -O2   conftest.c conftstm.o >&5
configure:6384: $? = 0
configure:6422: result: ok
configure:6469: checking for sysroot
configure:6499: result: no
configure:6506: checking for a working dd
configure:6544: result: /bin/dd
configure:6548: checking how to truncate binary pipes
configure:6563: result: /bin/dd bs=4096 count=1
configure:6699: gcc -c -g -O2  conftest.c >&5
configure:6702: $? = 0
configure:6892: checking for mt
configure:6908: found /bin/mt
configure:6919: result: mt
configure:6942: checking if mt is a manifest tool
configure:6948: mt '-?'
configure:6956: result: no
configure:7633: checking how to run the C preprocessor
configure:7664: gcc -E  conftest.c
configure:7664: $? = 0
configure:7678: gcc -E  conftest.c
conftest.c:11:28: fatal error: ac_nonexistent.h: No such file or directory
compilation terminated.
configure:7678: $? = 1
configure: failed program was:
| /* confdefs.h */
| #define PACKAGE_NAME "ccnet"
| #define PACKAGE_TARNAME "ccnet"
| #define PACKAGE_VERSION "6.0.1"
| #define PACKAGE_STRING "ccnet 6.0.1"
| #define PACKAGE_BUGREPORT "daniel.pan@seafile.com"
| #define PACKAGE_URL ""
| #define PACKAGE "ccnet"
| #define VERSION "6.0.1"
| /* end confdefs.h.  */
| #include <ac_nonexistent.h>
configure:7703: result: gcc -E
configure:7723: gcc -E  conftest.c
configure:7723: $? = 0
configure:7737: gcc -E  conftest.c
conftest.c:11:28: fatal error: ac_nonexistent.h: No such file or directory
compilation terminated.
configure:7737: $? = 1
configure: failed program was:
| /* confdefs.h */
| #define PACKAGE_NAME "ccnet"
| #define PACKAGE_TARNAME "ccnet"
| #define PACKAGE_VERSION "6.0.1"
| #define PACKAGE_STRING "ccnet 6.0.1"
| #define PACKAGE_BUGREPORT "daniel.pan@seafile.com"
| #define PACKAGE_URL ""
| #define PACKAGE "ccnet"
| #define VERSION "6.0.1"
| /* end confdefs.h.  */
| #include <ac_nonexistent.h>
configure:7766: checking for ANSI C header files
configure:7786: gcc -c -g -O2  conftest.c >&5
configure:7786: $? = 0
configure:7859: gcc -o conftest -g -O2   conftest.c  >&5
configure:7859: $? = 0
configure:7859: ./conftest
configure:7859: $? = 0
configure:7870: result: yes
configure:7883: checking for sys/types.h
configure:7883: gcc -c -g -O2  conftest.c >&5
configure:7883: $? = 0
configure:7883: result: yes
configure:7883: checking for sys/stat.h
configure:7883: gcc -c -g -O2  conftest.c >&5
configure:7883: $? = 0
configure:7883: result: yes
configure:7883: checking for stdlib.h
configure:7883: gcc -c -g -O2  conftest.c >&5
configure:7883: $? = 0
configure:7883: result: yes
configure:7883: checking for string.h
configure:7883: gcc -c -g -O2  conftest.c >&5
configure:7883: $? = 0
configure:7883: result: yes
configure:7883: checking for memory.h
configure:7883: gcc -c -g -O2  conftest.c >&5
configure:7883: $? = 0
configure:7883: result: yes
configure:7883: checking for strings.h
configure:7883: gcc -c -g -O2  conftest.c >&5
configure:7883: $? = 0
configure:7883: result: yes
configure:7883: checking for inttypes.h
configure:7883: gcc -c -g -O2  conftest.c >&5
configure:7883: $? = 0
configure:7883: result: yes
configure:7883: checking for stdint.h
configure:7883: gcc -c -g -O2  conftest.c >&5
configure:7883: $? = 0
configure:7883: result: yes
configure:7883: checking for unistd.h
configure:7883: gcc -c -g -O2  conftest.c >&5
configure:7883: $? = 0
configure:7883: result: yes
configure:7897: checking for dlfcn.h
configure:7897: gcc -c -g -O2  conftest.c >&5
configure:7897: $? = 0
configure:7897: result: yes
configure:8123: checking for objdir
configure:8138: result: .libs
configure:8402: checking if gcc supports -fno-rtti -fno-exceptions
configure:8420: gcc -c -g -O2  -fno-rtti -fno-exceptions conftest.c >&5
cc1: warning: command line option '-fno-rtti' is valid for C++/ObjC++ but not for C
configure:8424: $? = 0
configure:8437: result: no
configure:8795: checking for gcc option to produce PIC
configure:8802: result: -fPIC -DPIC
configure:8810: checking if gcc PIC flag -fPIC -DPIC works
configure:8828: gcc -c -g -O2  -fPIC -DPIC -DPIC conftest.c >&5
configure:8832: $? = 0
configure:8845: result: yes
configure:8874: checking if gcc static flag -static works
configure:8902: result: yes
configure:8917: checking if gcc supports -c -o file.o
configure:8938: gcc -c -g -O2  -o out/conftest2.o conftest.c >&5
configure:8942: $? = 0
configure:8964: result: yes
configure:8972: checking if gcc supports -c -o file.o
configure:9019: result: yes
configure:9052: checking whether the gcc linker (/usr/bin/ld -m elf_x86_64) supports shared libraries
configure:10315: result: yes
configure:10352: checking whether -lc should be explicitly linked in
configure:10360: gcc -c -g -O2  conftest.c >&5
configure:10363: $? = 0
configure:10378: gcc -shared  -fPIC -DPIC conftest.o  -v -Wl,-soname -Wl,conftest -o conftest 2\>\&1 \| /bin/grep  -lc  \>/dev/null 2\>\&1
configure:10381: $? = 0
configure:10395: result: no
configure:10555: checking dynamic linker characteristics
configure:11136: gcc -o conftest -g -O2   -Wl,-rpath -Wl,/foo conftest.c  >&5
configure:11136: $? = 0
configure:11385: result: GNU/Linux ld.so
configure:11507: checking how to hardcode library paths into programs
configure:11532: result: immediate
configure:12080: checking whether stripping libraries is possible
configure:12085: result: yes
configure:12120: checking if libtool supports shared libraries
configure:12122: result: yes
configure:12125: checking whether to build shared libraries
configure:12150: result: yes
configure:12153: checking whether to build static libraries
configure:12157: result: yes
configure:12199: checking sys/ioctl.h usability
configure:12199: gcc -c -g -O2  conftest.c >&5
configure:12199: $? = 0
configure:12199: result: yes
configure:12199: checking sys/ioctl.h presence
configure:12199: gcc -E  conftest.c
configure:12199: $? = 0
configure:12199: result: yes
configure:12199: checking for sys/ioctl.h
configure:12199: result: yes
configure:12199: checking sys/time.h usability
configure:12199: gcc -c -g -O2  conftest.c >&5
configure:12199: $? = 0
configure:12199: result: yes
configure:12199: checking sys/time.h presence
configure:12199: gcc -E  conftest.c
configure:12199: $? = 0
configure:12199: result: yes
configure:12199: checking for sys/time.h
configure:12199: result: yes
configure:12199: checking stdarg.h usability
configure:12199: gcc -c -g -O2  conftest.c >&5
configure:12199: $? = 0
configure:12199: result: yes
configure:12199: checking stdarg.h presence
configure:12199: gcc -E  conftest.c
configure:12199: $? = 0
configure:12199: result: yes
configure:12199: checking for stdarg.h
configure:12199: result: yes
configure:12218: checking for special C compiler options needed for large files
configure:12263: result: no
configure:12269: checking for _FILE_OFFSET_BITS value needed for large files
configure:12294: gcc -c -g -O2  conftest.c >&5
configure:12294: $? = 0
configure:12326: result: no
configure:12416: checking for WIN32
configure:12423: result: no
configure:12427: checking for Mac
configure:12434: result: no
configure:12438: checking for Linux
configure:12442: result: compile in linux
configure:12546: checking for uuid_generate in -luuid
configure:12571: gcc -o conftest -g -O2   conftest.c -luuid   >&5
configure:12571: $? = 0
configure:12580: result: yes
configure:12591: checking for pthread_create in -lpthread
configure:12616: gcc -o conftest -g -O2   conftest.c -lpthread   >&5
configure:12616: $? = 0
configure:12625: result: yes
configure:12633: checking for sqlite3_open in -lsqlite3
configure:12658: gcc -o conftest -g -O2   conftest.c -lsqlite3   >&5
configure:12658: $? = 0
configure:12667: result: yes
configure:12675: checking for SHA1_Init in -lcrypto
configure:12700: gcc -o conftest -g -O2   conftest.c -lcrypto   >&5
configure:12700: $? = 0
configure:12709: result: yes
configure:12909: checking for pkg-config
configure:12927: found /usr/bin/pkg-config
configure:12939: result: /usr/bin/pkg-config
configure:12964: checking pkg-config is at least version 0.9.0
configure:12967: result: yes
configure:12977: checking for SSL
configure:12984: $PKG_CONFIG --exists --print-errors "openssl"
configure:12987: $? = 0
configure:13001: $PKG_CONFIG --exists --print-errors "openssl"
configure:13004: $? = 0
configure:13062: result: yes
configure:13071: checking for GLIB2
configure:13078: $PKG_CONFIG --exists --print-errors "glib-2.0 >= $GLIB_REQUIRED"
configure:13081: $? = 0
configure:13095: $PKG_CONFIG --exists --print-errors "glib-2.0 >= $GLIB_REQUIRED"
configure:13098: $? = 0
configure:13156: result: yes
configure:13165: checking for GOBJECT
configure:13172: $PKG_CONFIG --exists --print-errors "gobject-2.0 >= $GLIB_REQUIRED"
configure:13175: $? = 0
configure:13189: $PKG_CONFIG --exists --print-errors "gobject-2.0 >= $GLIB_REQUIRED"
configure:13192: $? = 0
configure:13250: result: yes
configure:13259: checking for SEARPC
configure:13266: $PKG_CONFIG --exists --print-errors "libsearpc >= $SEARPC_REQUIRED"
configure:13269: $? = 0
configure:13283: $PKG_CONFIG --exists --print-errors "libsearpc >= $SEARPC_REQUIRED"
configure:13286: $? = 0
configure:13344: result: yes
configure:13353: checking for LIBEVENT
configure:13360: $PKG_CONFIG --exists --print-errors "libevent >= $LIBEVENT_REQUIRED"
configure:13363: $? = 0
configure:13377: $PKG_CONFIG --exists --print-errors "libevent >= $LIBEVENT_REQUIRED"
configure:13380: $? = 0
configure:13438: result: yes
configure:13481: checking for a Python interpreter with version >= 2.6
configure:13498: python -c import sys # split strings by '.' and convert to numeric. Append some zeros # because we need at least 4 digits for the hex conversion. # map returns an iterator in Python 3.0 and a list in 2.x minver = list(map(int, '2.6'.split('.'))) + [0, 0, 0] minverhex = 0 # xrange is not present in Python 3.0 and range returns an iterator for i in list(range(0, 4)): minverhex = (minverhex << 8) + minver[i] sys.exit(sys.hexversion < minverhex)
configure:13501: $? = 0
configure:13507: result: python
configure:13515: checking for python
configure:13533: found /usr/bin/python
configure:13545: result: /usr/bin/python
configure:13563: checking for python version
configure:13570: result: 2.7
configure:13582: checking for python platform
configure:13589: result: linux2
configure:13615: checking for python script directory
configure:13650: result: ${prefix}/lib/python2.7/dist-packages
configure:13659: checking for python extension module directory
configure:13694: result: ${exec_prefix}/lib/python2.7/dist-packages
configure:13771: checking for mysql
configure:13811: result: yes
configure:13724: checking for mysql_config
configure:13743: found /usr/bin/mysql_config
configure:13756: result: /usr/bin/mysql_config
configure:13824: checking mysql.h usability
configure:13824: gcc -c -g -O2 -I/usr/include/mysql  conftest.c >&5
configure:13824: $? = 0
configure:13824: result: yes
configure:13824: checking mysql.h presence
configure:13824: gcc -E -I/usr/include/mysql  conftest.c
configure:13824: $? = 0
configure:13824: result: yes
configure:13824: checking for mysql.h
configure:13824: result: yes
configure:13910: checking for postgresql
configure:13950: result: yes
configure:13863: checking for pg_config
configure:13895: result: no
configure:13905: WARNING: pg_config is required to build seafile server with postgresql
configure:13999: checking for ldap_init in -lldap
configure:14024: gcc -o conftest -g -O2   conftest.c -lldap   >&5
configure:14024: $? = 0
configure:14033: result: yes
configure:14175: checking that generated files are newer than configure
configure:14181: result: done
configure:14228: creating ./config.status

## ---------------------- ##
## Running config.status. ##
## ---------------------- ##

This file was extended by ccnet config.status 6.0.1, which was
generated by GNU Autoconf 2.69.  Invocation command line was

  CONFIG_FILES    = 
  CONFIG_HEADERS  = 
  CONFIG_LINKS    = 
  CONFIG_COMMANDS = 
  $ ./config.status 

on zahir-VBUbuntu

config.status:1157: creating Makefile
config.status:1157: creating libccnet.pc
config.status:1157: creating net/Makefile
config.status:1157: creating net/server/Makefile
config.status:1157: creating net/common/Makefile
config.status:1157: creating net/common/db-wrapper/Makefile
config.status:1157: creating lib/Makefile
config.status:1157: creating tools/Makefile
config.status:1157: creating include/Makefile
config.status:1157: creating include/ccnet/Makefile
config.status:1157: creating python/Makefile
config.status:1157: creating python/ccnet/Makefile
config.status:1157: creating config.h
config.status:1386: executing depfiles commands
config.status:1386: executing libtool commands

## ---------------- ##
## Cache variables. ##
## ---------------- ##

ac_cv_build=x86_64-pc-linux-gnu
ac_cv_c_compiler_gnu=yes
ac_cv_c_const=yes
ac_cv_env_CC_set=
ac_cv_env_CC_value=
ac_cv_env_CFLAGS_set=
ac_cv_env_CFLAGS_value=
ac_cv_env_CPPFLAGS_set=
ac_cv_env_CPPFLAGS_value=
ac_cv_env_CPP_set=
ac_cv_env_CPP_value=
ac_cv_env_GLIB2_CFLAGS_set=
ac_cv_env_GLIB2_CFLAGS_value=
ac_cv_env_GLIB2_LIBS_set=
ac_cv_env_GLIB2_LIBS_value=
ac_cv_env_GOBJECT_CFLAGS_set=
ac_cv_env_GOBJECT_CFLAGS_value=
ac_cv_env_GOBJECT_LIBS_set=
ac_cv_env_GOBJECT_LIBS_value=
ac_cv_env_LDFLAGS_set=
ac_cv_env_LDFLAGS_value=
ac_cv_env_LIBEVENT_CFLAGS_set=
ac_cv_env_LIBEVENT_CFLAGS_value=
ac_cv_env_LIBEVENT_LIBS_set=
ac_cv_env_LIBEVENT_LIBS_value=
ac_cv_env_LIBS_set=
ac_cv_env_LIBS_value=
ac_cv_env_LT_SYS_LIBRARY_PATH_set=
ac_cv_env_LT_SYS_LIBRARY_PATH_value=
ac_cv_env_PKG_CONFIG_LIBDIR_set=
ac_cv_env_PKG_CONFIG_LIBDIR_value=
ac_cv_env_PKG_CONFIG_PATH_set=
ac_cv_env_PKG_CONFIG_PATH_value=
ac_cv_env_PKG_CONFIG_set=
ac_cv_env_PKG_CONFIG_value=
ac_cv_env_PYTHON_set=
ac_cv_env_PYTHON_value=
ac_cv_env_SEARPC_CFLAGS_set=
ac_cv_env_SEARPC_CFLAGS_value=
ac_cv_env_SEARPC_LIBS_set=
ac_cv_env_SEARPC_LIBS_value=
ac_cv_env_SSL_CFLAGS_set=
ac_cv_env_SSL_CFLAGS_value=
ac_cv_env_SSL_LIBS_set=
ac_cv_env_SSL_LIBS_value=
ac_cv_env_build_alias_set=
ac_cv_env_build_alias_value=
ac_cv_env_host_alias_set=
ac_cv_env_host_alias_value=
ac_cv_env_target_alias_set=
ac_cv_env_target_alias_value=
ac_cv_header_dlfcn_h=yes
ac_cv_header_inttypes_h=yes
ac_cv_header_memory_h=yes
ac_cv_header_mysql_h=yes
ac_cv_header_stdarg_h=yes
ac_cv_header_stdc=yes
ac_cv_header_stdint_h=yes
ac_cv_header_stdlib_h=yes
ac_cv_header_string_h=yes
ac_cv_header_strings_h=yes
ac_cv_header_sys_ioctl_h=yes
ac_cv_header_sys_stat_h=yes
ac_cv_header_sys_time_h=yes
ac_cv_header_sys_types_h=yes
ac_cv_header_unistd_h=yes
ac_cv_host=x86_64-pc-linux-gnu
ac_cv_lib_crypto_SHA1_Init=yes
ac_cv_lib_ldap_ldap_init=yes
ac_cv_lib_pthread_pthread_create=yes
ac_cv_lib_sqlite3_sqlite3_open=yes
ac_cv_lib_uuid_uuid_generate=yes
ac_cv_objext=o
ac_cv_path_EGREP='/bin/grep -E'
ac_cv_path_FGREP='/bin/grep -F'
ac_cv_path_GREP=/bin/grep
ac_cv_path_MYSQLCONFIG=/usr/bin/mysql_config
ac_cv_path_PGCONFIG=no
ac_cv_path_PYTHON=/usr/bin/python
ac_cv_path_SED=/bin/sed
ac_cv_path_ac_pt_PKG_CONFIG=/usr/bin/pkg-config
ac_cv_path_install='/usr/bin/install -c'
ac_cv_path_lt_DD=/bin/dd
ac_cv_path_mkdir=/bin/mkdir
ac_cv_prog_AWK=mawk
ac_cv_prog_CPP='gcc -E'
ac_cv_prog_ac_ct_AR=ar
ac_cv_prog_ac_ct_CC=gcc
ac_cv_prog_ac_ct_MANIFEST_TOOL=mt
ac_cv_prog_ac_ct_OBJDUMP=objdump
ac_cv_prog_ac_ct_RANLIB=ranlib
ac_cv_prog_ac_ct_STRIP=strip
ac_cv_prog_cc_c89=
ac_cv_prog_cc_g=yes
ac_cv_prog_make_make_set=yes
ac_cv_sys_file_offset_bits=no
ac_cv_sys_largefile_CC=no
am_cv_CC_dependencies_compiler_type=gcc3
am_cv_make_support_nested_variables=yes
am_cv_pathless_PYTHON=python
am_cv_prog_cc_c_o=yes
am_cv_python_platform=linux2
am_cv_python_pyexecdir='${exec_prefix}/lib/python2.7/dist-packages'
am_cv_python_pythondir='${prefix}/lib/python2.7/dist-packages'
am_cv_python_version=2.7
lt_cv_ar_at_file=@
lt_cv_archive_cmds_need_lc=no
lt_cv_deplibs_check_method=pass_all
lt_cv_file_magic_cmd='$MAGIC_CMD'
lt_cv_file_magic_test_file=
lt_cv_ld_reload_flag=-r
lt_cv_nm_interface='BSD nm'
lt_cv_objdir=.libs
lt_cv_path_LD=/usr/bin/ld
lt_cv_path_NM='/usr/bin/nm -B'
lt_cv_path_mainfest_tool=no
lt_cv_prog_compiler_c_o=yes
lt_cv_prog_compiler_pic='-fPIC -DPIC'
lt_cv_prog_compiler_pic_works=yes
lt_cv_prog_compiler_rtti_exceptions=no
lt_cv_prog_compiler_static_works=yes
lt_cv_prog_gnu_ld=yes
lt_cv_sharedlib_from_linklib_cmd='printf %s\n'
lt_cv_shlibpath_overrides_runpath=no
lt_cv_sys_global_symbol_pipe='sed -n -e '\''s/^.*[	 ]\([ABCDGIRSTW][ABCDGIRSTW]*\)[	 ][	 ]*\([_A-Za-z][_A-Za-z0-9]*\)$/\1 \2 \2/p'\'' | sed '\''/ __gnu_lto/d'\'''
lt_cv_sys_global_symbol_to_c_name_address='sed -n -e '\''s/^: \(.*\) .*$/  {"\1", (void *) 0},/p'\'' -e '\''s/^[ABCDGIRSTW][ABCDGIRSTW]* .* \(.*\)$/  {"\1", (void *) \&\1},/p'\'''
lt_cv_sys_global_symbol_to_c_name_address_lib_prefix='sed -n -e '\''s/^: \(.*\) .*$/  {"\1", (void *) 0},/p'\'' -e '\''s/^[ABCDGIRSTW][ABCDGIRSTW]* .* \(lib.*\)$/  {"\1", (void *) \&\1},/p'\'' -e '\''s/^[ABCDGIRSTW][ABCDGIRSTW]* .* \(.*\)$/  {"lib\1", (void *) \&\1},/p'\'''
lt_cv_sys_global_symbol_to_cdecl='sed -n -e '\''s/^T .* \(.*\)$/extern int \1();/p'\'' -e '\''s/^[ABCDGIRSTW][ABCDGIRSTW]* .* \(.*\)$/extern char \1;/p'\'''
lt_cv_sys_global_symbol_to_import=
lt_cv_sys_max_cmd_len=1572864
lt_cv_to_host_file_cmd=func_convert_file_noop
lt_cv_to_tool_file_cmd=func_convert_file_noop
lt_cv_truncate_bin='/bin/dd bs=4096 count=1'
pkg_cv_GLIB2_CFLAGS='-I/usr/include/glib-2.0 -I/usr/lib/x86_64-linux-gnu/glib-2.0/include'
pkg_cv_GLIB2_LIBS=-lglib-2.0
pkg_cv_GOBJECT_CFLAGS='-I/usr/include/glib-2.0 -I/usr/lib/x86_64-linux-gnu/glib-2.0/include'
pkg_cv_GOBJECT_LIBS='-lgobject-2.0 -lglib-2.0'
pkg_cv_LIBEVENT_CFLAGS=
pkg_cv_LIBEVENT_LIBS=-levent
pkg_cv_SEARPC_CFLAGS='-pthread -I/usr/local/include -I/usr/local/include/searpc -I/usr/local/include -I/usr/include/glib-2.0 -I/usr/lib/x86_64-linux-gnu/glib-2.0/include'
pkg_cv_SEARPC_LIBS='-L/usr/local/lib -lsearpc -lgio-2.0 -lgobject-2.0 -lglib-2.0 -ljansson'
pkg_cv_SSL_CFLAGS=
pkg_cv_SSL_LIBS='-lssl -lcrypto'

## ----------------- ##
## Output variables. ##
## ----------------- ##

ACLOCAL='${SHELL} /home/dev/ccnet-server/missing aclocal-1.15'
AMDEPBACKSLASH='\'
AMDEP_FALSE='#'
AMDEP_TRUE=''
AMTAR='$${TAR-tar}'
AM_BACKSLASH='\'
AM_DEFAULT_V='$(AM_DEFAULT_VERBOSITY)'
AM_DEFAULT_VERBOSITY='1'
AM_V='$(V)'
AR='ar'
AUTOCONF='${SHELL} /home/dev/ccnet-server/missing autoconf'
AUTOHEADER='${SHELL} /home/dev/ccnet-server/missing autoheader'
AUTOMAKE='${SHELL} /home/dev/ccnet-server/missing automake-1.15'
AWK='mawk'
CC='gcc'
CCDEPMODE='depmode=gcc3'
CFLAGS='-g -O2'
COMPILE_PYTHON_FALSE='#'
COMPILE_PYTHON_TRUE=''
CONSOLE=''
CPP='gcc -E'
CPPFLAGS=''
CYGPATH_W='echo'
DEFS='-DHAVE_CONFIG_H'
DEPDIR='.deps'
DLLTOOL='false'
DSYMUTIL=''
DUMPBIN=''
ECHO_C=''
ECHO_N='-n'
ECHO_T=''
EGREP='/bin/grep -E'
EXEEXT=''
FGREP='/bin/grep -F'
GLIB2_CFLAGS='-I/usr/include/glib-2.0 -I/usr/lib/x86_64-linux-gnu/glib-2.0/include'
GLIB2_LIBS='-lglib-2.0'
GOBJECT_CFLAGS='-I/usr/include/glib-2.0 -I/usr/lib/x86_64-linux-gnu/glib-2.0/include'
GOBJECT_LIBS='-lgobject-2.0 -lglib-2.0'
GREP='/bin/grep'
INSTALL_DATA='${INSTALL} -m 644'
INSTALL_PROGRAM='${INSTALL}'
INSTALL_SCRIPT='${INSTALL}'
INSTALL_STRIP_PROGRAM='$(install_sh) -c -s'
LD='/usr/bin/ld -m elf_x86_64'
LDAP_LIBS='-lldap -llber'
LDFLAGS=''
LIBEVENT_CFLAGS=''
LIBEVENT_LIBS='-levent'
LIBOBJS=''
LIBS=''
LIBTOOL='$(SHELL) $(top_builddir)/libtool'
LIBTOOL_DEPS='./ltmain.sh'
LIB_DIRWATCH=''
LIB_GDI32=''
LIB_INTL=''
LIB_IPHLPAPI=''
LIB_PSAPI=''
LIB_RESOLV='-lresolv'
LIB_RT=''
LIB_SHELL32=''
LIB_UUID='-luuid'
LIB_WS32=''
LINUX_FALSE='#'
LINUX_TRUE=''
LIPO=''
LN_S='ln -s'
LTLIBOBJS=''
LT_SYS_LIBRARY_PATH=''
MACOS_FALSE=''
MACOS_TRUE='#'
MAKEINFO='${SHELL} /home/dev/ccnet-server/missing makeinfo'
MANIFEST_TOOL=':'
MKDIR_P='/bin/mkdir -p'
MSVC_CFLAGS=''
MYSQLCONFIG='/usr/bin/mysql_config'
MYSQL_CFLAGS='-I/usr/include/mysql'
MYSQL_LIBS='-L/usr/lib/x86_64-linux-gnu -lmysqlclient -lpthread -lz -lm -lrt -ldl'
NM='/usr/bin/nm -B'
NMEDIT=''
OBJDUMP='objdump'
OBJEXT='o'
OTOOL64=''
OTOOL=''
PACKAGE='ccnet'
PACKAGE_BUGREPORT='daniel.pan@seafile.com'
PACKAGE_NAME='ccnet'
PACKAGE_STRING='ccnet 6.0.1'
PACKAGE_TARNAME='ccnet'
PACKAGE_URL=''
PACKAGE_VERSION='6.0.1'
PATH_SEPARATOR=':'
PGCONFIG='no'
PGSQL_CFLAGS=''
PGSQL_LIBS=''
PKG_CONFIG='/usr/bin/pkg-config'
PKG_CONFIG_LIBDIR=''
PKG_CONFIG_PATH=''
PTHREAD_CFLAGS='-pthread'
PTHREAD_LIBS='-lpthread'
PYTHON='/usr/bin/python'
PYTHON_EXEC_PREFIX='${exec_prefix}'
PYTHON_PLATFORM='linux2'
PYTHON_PREFIX='${prefix}'
PYTHON_VERSION='2.7'
RANLIB='ranlib'
SEARPC_CFLAGS='-pthread -I/usr/local/include -I/usr/local/include/searpc -I/usr/local/include -I/usr/include/glib-2.0 -I/usr/lib/x86_64-linux-gnu/glib-2.0/include'
SEARPC_LIBS='-L/usr/local/lib -lsearpc -lgio-2.0 -lgobject-2.0 -lglib-2.0 -ljansson'
SED='/bin/sed'
SET_MAKE=''
SHELL='/bin/bash'
SSL_CFLAGS=''
SSL_LIBS='-lssl -lcrypto'
STRIP='strip'
VERSION='6.0.1'
WIN32_FALSE=''
WIN32_TRUE='#'
WITH_MYSQL_FALSE='#'
WITH_MYSQL_TRUE=''
WITH_POSTGRESQL_FALSE=''
WITH_POSTGRESQL_TRUE='#'
ac_ct_AR='ar'
ac_ct_CC='gcc'
ac_ct_DUMPBIN=''
am__EXEEXT_FALSE=''
am__EXEEXT_TRUE='#'
am__fastdepCC_FALSE='#'
am__fastdepCC_TRUE=''
am__include='include'
am__isrc=''
am__leading_dot='.'
am__nodep='_no'
am__quote=''
am__tar='$${TAR-tar} chof - "$$tardir"'
am__untar='$${TAR-tar} xf -'
bindir='${exec_prefix}/bin'
build='x86_64-pc-linux-gnu'
build_alias=''
build_cpu='x86_64'
build_os='linux-gnu'
build_vendor='pc'
datadir='${datarootdir}'
datarootdir='${prefix}/share'
docdir='${datarootdir}/doc/${PACKAGE_TARNAME}'
dvidir='${docdir}'
exec_prefix='${prefix}'
host='x86_64-pc-linux-gnu'
host_alias=''
host_cpu='x86_64'
host_os='linux-gnu'
host_vendor='pc'
htmldir='${docdir}'
includedir='${prefix}/include'
infodir='${datarootdir}/info'
install_sh='${SHELL} /home/dev/ccnet-server/install-sh'
libdir='${exec_prefix}/lib'
libexecdir='${exec_prefix}/libexec'
localedir='${datarootdir}/locale'
localstatedir='${prefix}/var'
mandir='${datarootdir}/man'
mkdir_p='$(MKDIR_P)'
oldincludedir='/usr/include'
pdfdir='${docdir}'
pkgpyexecdir='${pyexecdir}/ccnet'
pkgpythondir='${pythondir}/ccnet'
prefix='/usr/local'
program_transform_name='s,x,x,'
psdir='${docdir}'
pyexecdir='${exec_prefix}/lib/python2.7/dist-packages'
pythondir='${prefix}/lib/python2.7/dist-packages'
runstatedir='${localstatedir}/run'
sbindir='${exec_prefix}/sbin'
sharedstatedir='${prefix}/com'
sysconfdir='${prefix}/etc'
target_alias=''

## ----------- ##
## confdefs.h. ##
## ----------- ##

/* confdefs.h */
#define PACKAGE_NAME "ccnet"
#define PACKAGE_TARNAME "ccnet"
#define PACKAGE_VERSION "6.0.1"
#define PACKAGE_STRING "ccnet 6.0.1"
#define PACKAGE_BUGREPORT "daniel.pan@seafile.com"
#define PACKAGE_URL ""
#define PACKAGE "ccnet"
#define VERSION "6.0.1"
#define STDC_HEADERS 1
#define HAVE_SYS_TYPES_H 1
#define HAVE_SYS_STAT_H 1
#define HAVE_STDLIB_H 1
#define HAVE_STRING_H 1
#define HAVE_MEMORY_H 1
#define HAVE_STRINGS_H 1
#define HAVE_INTTYPES_H 1
#define HAVE_STDINT_H 1
#define HAVE_UNISTD_H 1
#define HAVE_DLFCN_H 1
#define LT_OBJDIR ".libs/"
#define HAVE_SYS_IOCTL_H 1
#define HAVE_SYS_TIME_H 1
#define HAVE_STDARG_H 1
#define HAVE_MYSQL_H 1
#define HAVE_MYSQL 1
#define HAVE_LDAP 1

configure: exit 0
