This file contains any messages produced by compilers while
running configure, to aid debugging if configure makes a mistake.

It was created by seafile configure 6.0.1, which was
generated by GNU Autoconf 2.69.  Invocation command line was

  $ ./configure 

## --------- ##
## Platform. ##
## --------- ##

hostname = zahir-VBUbuntu
uname -m = x86_64
uname -r = 4.4.0-53-generic
uname -s = Linux
uname -v = #74-Ubuntu SMP Fri Dec 2 15:59:10 UTC 2016

/usr/bin/uname -p = unknown
/bin/uname -X     = unknown

/bin/arch              = unknown
/usr/bin/arch -k       = unknown
/usr/convex/getsysinfo = unknown
/usr/bin/hostinfo      = unknown
/bin/machine           = unknown
/usr/bin/oslevel       = unknown
/bin/universe          = unknown

PATH: /usr/local/sbin
PATH: /usr/local/bin
PATH: /usr/sbin
PATH: /usr/bin
PATH: /sbin
PATH: /bin
PATH: /snap/bin
PATH: /snap/bin


## ----------- ##
## Core tests. ##
## ----------- ##

configure:2421: checking for a BSD-compatible install
configure:2489: result: /usr/bin/install -c
configure:2500: checking whether build environment is sane
configure:2555: result: yes
configure:2706: checking for a thread-safe mkdir -p
configure:2745: result: /bin/mkdir -p
configure:2752: checking for gawk
configure:2782: result: no
configure:2752: checking for mawk
configure:2768: found /usr/bin/mawk
configure:2779: result: mawk
configure:2790: checking whether make sets $(MAKE)
configure:2812: result: yes
configure:2841: checking whether make supports nested variables
configure:2858: result: yes
configure:2990: checking build system type
configure:3004: result: x86_64-pc-linux-gnu
configure:3108: checking for gcc
configure:3124: found /usr/bin/gcc
configure:3135: result: gcc
configure:3364: checking for C compiler version
configure:3373: gcc --version >&5
gcc (Ubuntu 5.4.0-6ubuntu1~16.04.4) 5.4.0 20160609
Copyright (C) 2015 Free Software Foundation, Inc.
This is free software; see the source for copying conditions.  There is NO
warranty; not even for MERCHANTABILITY or FITNESS FOR A PARTICULAR PURPOSE.

configure:3384: $? = 0
configure:3373: gcc -v >&5
Using built-in specs.
COLLECT_GCC=gcc
COLLECT_LTO_WRAPPER=/usr/lib/gcc/x86_64-linux-gnu/5/lto-wrapper
Target: x86_64-linux-gnu
Configured with: ../src/configure -v --with-pkgversion='Ubuntu 5.4.0-6ubuntu1~16.04.4' --with-bugurl=file:///usr/share/doc/gcc-5/README.Bugs --enable-languages=c,ada,c++,java,go,d,fortran,objc,obj-c++ --prefix=/usr --program-suffix=-5 --enable-shared --enable-linker-build-id --libexecdir=/usr/lib --without-included-gettext --enable-threads=posix --libdir=/usr/lib --enable-nls --with-sysroot=/ --enable-clocale=gnu --enable-libstdcxx-debug --enable-libstdcxx-time=yes --with-default-libstdcxx-abi=new --enable-gnu-unique-object --disable-vtable-verify --enable-libmpx --enable-plugin --with-system-zlib --disable-browser-plugin --enable-java-awt=gtk --enable-gtk-cairo --with-java-home=/usr/lib/jvm/java-1.5.0-gcj-5-amd64/jre --enable-java-home --with-jvm-root-dir=/usr/lib/jvm/java-1.5.0-gcj-5-amd64 --with-jvm-jar-dir=/usr/lib/jvm-exports/java-1.5.0-gcj-5-amd64 --with-arch-directory=amd64 --with-ecj-jar=/usr/share/java/eclipse-ecj.jar --enable-objc-gc --enable-multiarch --disable-werror --with-arch-32=i686 --with-abi=m64 --with-multilib-list=m32,m64,mx32 --enable-multilib --with-tune=generic --enable-checking=release --build=x86_64-linux-gnu --host=x86_64-linux-gnu --target=x86_64-linux-gnu
Thread model: posix
gcc version 5.4.0 20160609 (Ubuntu 5.4.0-6ubuntu1~16.04.4) 
configure:3384: $? = 0
configure:3373: gcc -V >&5
gcc: error: unrecognized command line option '-V'
gcc: fatal error: no input files
compilation terminated.
configure:3384: $? = 1
configure:3373: gcc -qversion >&5
gcc: error: unrecognized command line option '-qversion'
gcc: fatal error: no input files
compilation terminated.
configure:3384: $? = 1
configure:3404: checking whether the C compiler works
configure:3426: gcc    conftest.c  >&5
configure:3430: $? = 0
configure:3478: result: yes
configure:3481: checking for C compiler default output file name
configure:3483: result: a.out
configure:3489: checking for suffix of executables
configure:3496: gcc -o conftest    conftest.c  >&5
configure:3500: $? = 0
configure:3522: result: 
configure:3544: checking whether we are cross compiling
configure:3552: gcc -o conftest    conftest.c  >&5
configure:3556: $? = 0
configure:3563: ./conftest
configure:3567: $? = 0
configure:3582: result: no
configure:3587: checking for suffix of object files
configure:3609: gcc -c   conftest.c >&5
configure:3613: $? = 0
configure:3634: result: o
configure:3638: checking whether we are using the GNU C compiler
configure:3657: gcc -c   conftest.c >&5
configure:3657: $? = 0
configure:3666: result: yes
configure:3675: checking whether gcc accepts -g
configure:3695: gcc -c -g  conftest.c >&5
configure:3695: $? = 0
configure:3736: result: yes
configure:3753: checking for gcc option to accept ISO C89
configure:3816: gcc  -c -g -O2  conftest.c >&5
configure:3816: $? = 0
configure:3829: result: none needed
configure:3854: checking whether gcc understands -c and -o together
configure:3876: gcc -c conftest.c -o conftest2.o
configure:3879: $? = 0
configure:3876: gcc -c conftest.c -o conftest2.o
configure:3879: $? = 0
configure:3891: result: yes
configure:3919: checking for style of include used by make
configure:3947: result: GNU
configure:3973: checking dependency style of gcc
configure:4084: result: gcc3
configure:4101: checking for an ANSI C-conforming const
configure:4167: gcc -c -g -O2  conftest.c >&5
configure:4167: $? = 0
configure:4174: result: yes
configure:4182: checking whether make sets $(MAKE)
configure:4204: result: yes
configure:4239: checking host system type
configure:4252: result: x86_64-pc-linux-gnu
configure:4293: checking how to print strings
configure:4320: result: printf
configure:4341: checking for a sed that does not truncate output
configure:4405: result: /bin/sed
configure:4423: checking for grep that handles long lines and -e
configure:4481: result: /bin/grep
configure:4486: checking for egrep
configure:4548: result: /bin/grep -E
configure:4553: checking for fgrep
configure:4615: result: /bin/grep -F
configure:4650: checking for ld used by gcc
configure:4717: result: /usr/bin/ld
configure:4724: checking if the linker (/usr/bin/ld) is GNU ld
configure:4739: result: yes
configure:4751: checking for BSD- or MS-compatible name lister (nm)
configure:4805: result: /usr/bin/nm -B
configure:4935: checking the name lister (/usr/bin/nm -B) interface
configure:4942: gcc -c -g -O2  conftest.c >&5
configure:4945: /usr/bin/nm -B "conftest.o"
configure:4948: output
0000000000000000 B some_variable
configure:4955: result: BSD nm
configure:4958: checking whether ln -s works
configure:4962: result: yes
configure:4970: checking the maximum length of command line arguments
configure:5101: result: 1572864
configure:5149: checking how to convert x86_64-pc-linux-gnu file names to x86_64-pc-linux-gnu format
configure:5189: result: func_convert_file_noop
configure:5196: checking how to convert x86_64-pc-linux-gnu file names to toolchain format
configure:5216: result: func_convert_file_noop
configure:5223: checking for /usr/bin/ld option to reload object files
configure:5230: result: -r
configure:5304: checking for objdump
configure:5320: found /usr/bin/objdump
configure:5331: result: objdump
configure:5363: checking how to recognize dependent libraries
configure:5563: result: pass_all
configure:5648: checking for dlltool
configure:5678: result: no
configure:5708: checking how to associate runtime and link libraries
configure:5735: result: printf %s\n
configure:5795: checking for ar
configure:5811: found /usr/bin/ar
configure:5822: result: ar
configure:5859: checking for archiver @FILE support
configure:5876: gcc -c -g -O2  conftest.c >&5
configure:5876: $? = 0
configure:5879: ar cru libconftest.a @conftest.lst >&5
ar: `u' modifier ignored since `D' is the default (see `U')
configure:5882: $? = 0
configure:5887: ar cru libconftest.a @conftest.lst >&5
ar: `u' modifier ignored since `D' is the default (see `U')
ar: conftest.o: No such file or directory
configure:5890: $? = 1
configure:5902: result: @
configure:5960: checking for strip
configure:5976: found /usr/bin/strip
configure:5987: result: strip
configure:6059: checking for ranlib
configure:6075: found /usr/bin/ranlib
configure:6086: result: ranlib
configure:6188: checking command to parse /usr/bin/nm -B output from gcc object
configure:6341: gcc -c -g -O2  conftest.c >&5
configure:6344: $? = 0
configure:6348: /usr/bin/nm -B conftest.o \| sed -n -e 's/^.*[ ]\([ABCDGIRSTW][ABCDGIRSTW]*\)[ ][ ]*\([_A-Za-z][_A-Za-z0-9]*\)$/\1 \2 \2/p' | sed '/ __gnu_lto/d' \> conftest.nm
configure:6351: $? = 0
configure:6417: gcc -o conftest -g -O2   conftest.c conftstm.o >&5
configure:6420: $? = 0
configure:6458: result: ok
configure:6505: checking for sysroot
configure:6535: result: no
configure:6542: checking for a working dd
configure:6580: result: /bin/dd
configure:6584: checking how to truncate binary pipes
configure:6599: result: /bin/dd bs=4096 count=1
configure:6735: gcc -c -g -O2  conftest.c >&5
configure:6738: $? = 0
configure:6928: checking for mt
configure:6944: found /bin/mt
configure:6955: result: mt
configure:6978: checking if mt is a manifest tool
configure:6984: mt '-?'
configure:6992: result: no
configure:7669: checking how to run the C preprocessor
configure:7700: gcc -E  conftest.c
configure:7700: $? = 0
configure:7714: gcc -E  conftest.c
conftest.c:11:28: fatal error: ac_nonexistent.h: No such file or directory
compilation terminated.
configure:7714: $? = 1
configure: failed program was:
| /* confdefs.h */
| #define PACKAGE_NAME "seafile"
| #define PACKAGE_TARNAME "seafile"
| #define PACKAGE_VERSION "6.0.1"
| #define PACKAGE_STRING "seafile 6.0.1"
| #define PACKAGE_BUGREPORT "freeplant@gmail.com"
| #define PACKAGE_URL ""
| #define PACKAGE "seafile"
| #define VERSION "6.0.1"
| /* end confdefs.h.  */
| #include <ac_nonexistent.h>
configure:7739: result: gcc -E
configure:7759: gcc -E  conftest.c
configure:7759: $? = 0
configure:7773: gcc -E  conftest.c
conftest.c:11:28: fatal error: ac_nonexistent.h: No such file or directory
compilation terminated.
configure:7773: $? = 1
configure: failed program was:
| /* confdefs.h */
| #define PACKAGE_NAME "seafile"
| #define PACKAGE_TARNAME "seafile"
| #define PACKAGE_VERSION "6.0.1"
| #define PACKAGE_STRING "seafile 6.0.1"
| #define PACKAGE_BUGREPORT "freeplant@gmail.com"
| #define PACKAGE_URL ""
| #define PACKAGE "seafile"
| #define VERSION "6.0.1"
| /* end confdefs.h.  */
| #include <ac_nonexistent.h>
configure:7802: checking for ANSI C header files
configure:7822: gcc -c -g -O2  conftest.c >&5
configure:7822: $? = 0
configure:7895: gcc -o conftest -g -O2   conftest.c  >&5
configure:7895: $? = 0
configure:7895: ./conftest
configure:7895: $? = 0
configure:7906: result: yes
configure:7919: checking for sys/types.h
configure:7919: gcc -c -g -O2  conftest.c >&5
configure:7919: $? = 0
configure:7919: result: yes
configure:7919: checking for sys/stat.h
configure:7919: gcc -c -g -O2  conftest.c >&5
configure:7919: $? = 0
configure:7919: result: yes
configure:7919: checking for stdlib.h
configure:7919: gcc -c -g -O2  conftest.c >&5
configure:7919: $? = 0
configure:7919: result: yes
configure:7919: checking for string.h
configure:7919: gcc -c -g -O2  conftest.c >&5
configure:7919: $? = 0
configure:7919: result: yes
configure:7919: checking for memory.h
configure:7919: gcc -c -g -O2  conftest.c >&5
configure:7919: $? = 0
configure:7919: result: yes
configure:7919: checking for strings.h
configure:7919: gcc -c -g -O2  conftest.c >&5
configure:7919: $? = 0
configure:7919: result: yes
configure:7919: checking for inttypes.h
configure:7919: gcc -c -g -O2  conftest.c >&5
configure:7919: $? = 0
configure:7919: result: yes
configure:7919: checking for stdint.h
configure:7919: gcc -c -g -O2  conftest.c >&5
configure:7919: $? = 0
configure:7919: result: yes
configure:7919: checking for unistd.h
configure:7919: gcc -c -g -O2  conftest.c >&5
configure:7919: $? = 0
configure:7919: result: yes
configure:7933: checking for dlfcn.h
configure:7933: gcc -c -g -O2  conftest.c >&5
configure:7933: $? = 0
configure:7933: result: yes
configure:8159: checking for objdir
configure:8174: result: .libs
configure:8438: checking if gcc supports -fno-rtti -fno-exceptions
configure:8456: gcc -c -g -O2  -fno-rtti -fno-exceptions conftest.c >&5
cc1: warning: command line option '-fno-rtti' is valid for C++/ObjC++ but not for C
configure:8460: $? = 0
configure:8473: result: no
configure:8831: checking for gcc option to produce PIC
configure:8838: result: -fPIC -DPIC
configure:8846: checking if gcc PIC flag -fPIC -DPIC works
configure:8864: gcc -c -g -O2  -fPIC -DPIC -DPIC conftest.c >&5
configure:8868: $? = 0
configure:8881: result: yes
configure:8910: checking if gcc static flag -static works
configure:8938: result: yes
configure:8953: checking if gcc supports -c -o file.o
configure:8974: gcc -c -g -O2  -o out/conftest2.o conftest.c >&5
configure:8978: $? = 0
configure:9000: result: yes
configure:9008: checking if gcc supports -c -o file.o
configure:9055: result: yes
configure:9088: checking whether the gcc linker (/usr/bin/ld -m elf_x86_64) supports shared libraries
configure:10351: result: yes
configure:10388: checking whether -lc should be explicitly linked in
configure:10396: gcc -c -g -O2  conftest.c >&5
configure:10399: $? = 0
configure:10414: gcc -shared  -fPIC -DPIC conftest.o  -v -Wl,-soname -Wl,conftest -o conftest 2\>\&1 \| /bin/grep  -lc  \>/dev/null 2\>\&1
configure:10417: $? = 0
configure:10431: result: no
configure:10591: checking dynamic linker characteristics
configure:11172: gcc -o conftest -g -O2   -Wl,-rpath -Wl,/foo conftest.c  >&5
configure:11172: $? = 0
configure:11421: result: GNU/Linux ld.so
configure:11543: checking how to hardcode library paths into programs
configure:11568: result: immediate
configure:12116: checking whether stripping libraries is possible
configure:12121: result: yes
configure:12156: checking if libtool supports shared libraries
configure:12158: result: yes
configure:12161: checking whether to build shared libraries
configure:12186: result: yes
configure:12189: checking whether to build static libraries
configure:12193: result: yes
configure:12242: checking for special C compiler options needed for large files
configure:12287: result: no
configure:12293: checking for _FILE_OFFSET_BITS value needed for large files
configure:12318: gcc -c -g -O2  conftest.c >&5
configure:12318: $? = 0
configure:12350: result: no
configure:12440: checking for WIN32
configure:12447: result: no
configure:12451: checking for Mac
configure:12458: result: no
configure:12462: checking for Linux
configure:12466: result: compile in linux
configure:12602: checking for uuid_generate in -luuid
configure:12627: gcc -o conftest -g -O2   conftest.c -luuid   >&5
configure:12627: $? = 0
configure:12636: result: yes
configure:12647: checking for pthread_create in -lpthread
configure:12672: gcc -o conftest -g -O2   conftest.c -lpthread   >&5
configure:12672: $? = 0
configure:12681: result: yes
configure:12689: checking for sqlite3_open in -lsqlite3
configure:12714: gcc -o conftest -g -O2   conftest.c -lsqlite3   >&5
configure:12714: $? = 0
configure:12723: result: yes
configure:12731: checking for SHA1_Init in -lcrypto
configure:12756: gcc -o conftest -g -O2   conftest.c -lcrypto   >&5
configure:12756: $? = 0
configure:12765: result: yes
configure:12913: checking for pkg-config
configure:12931: found /usr/bin/pkg-config
configure:12943: result: /usr/bin/pkg-config
configure:12968: checking pkg-config is at least version 0.9.0
configure:12971: result: yes
configure:12981: checking for SSL
configure:12988: $PKG_CONFIG --exists --print-errors "openssl"
configure:12991: $? = 0
configure:13005: $PKG_CONFIG --exists --print-errors "openssl"
configure:13008: $? = 0
configure:13066: result: yes
configure:13075: checking for GLIB2
configure:13082: $PKG_CONFIG --exists --print-errors "glib-2.0 >= $GLIB_REQUIRED"
configure:13085: $? = 0
configure:13099: $PKG_CONFIG --exists --print-errors "glib-2.0 >= $GLIB_REQUIRED"
configure:13102: $? = 0
configure:13160: result: yes
configure:13169: checking for GOBJECT
configure:13176: $PKG_CONFIG --exists --print-errors "gobject-2.0 >= $GLIB_REQUIRED"
configure:13179: $? = 0
configure:13193: $PKG_CONFIG --exists --print-errors "gobject-2.0 >= $GLIB_REQUIRED"
configure:13196: $? = 0
configure:13254: result: yes
configure:13263: checking for CCNET
configure:13270: $PKG_CONFIG --exists --print-errors "libccnet >= $CCNET_REQUIRED"
configure:13273: $? = 0
configure:13287: $PKG_CONFIG --exists --print-errors "libccnet >= $CCNET_REQUIRED"
configure:13290: $? = 0
configure:13348: result: yes
configure:13357: checking for SEARPC
configure:13364: $PKG_CONFIG --exists --print-errors "libsearpc >= $SEARPC_REQUIRED"
configure:13367: $? = 0
configure:13381: $PKG_CONFIG --exists --print-errors "libsearpc >= $SEARPC_REQUIRED"
configure:13384: $? = 0
configure:13442: result: yes
configure:13451: checking for JANSSON
configure:13458: $PKG_CONFIG --exists --print-errors "jansson >= $JANSSON_REQUIRED"
configure:13461: $? = 0
configure:13475: $PKG_CONFIG --exists --print-errors "jansson >= $JANSSON_REQUIRED"
configure:13478: $? = 0
configure:13536: result: yes
configure:13545: checking for LIBEVENT
configure:13552: $PKG_CONFIG --exists --print-errors "libevent >= $LIBEVENT_REQUIRED"
configure:13555: $? = 0
configure:13569: $PKG_CONFIG --exists --print-errors "libevent >= $LIBEVENT_REQUIRED"
configure:13572: $? = 0
configure:13630: result: yes
configure:13639: checking for ZLIB
configure:13646: $PKG_CONFIG --exists --print-errors "zlib >= $ZLIB_REQUIRED"
configure:13649: $? = 0
configure:13663: $PKG_CONFIG --exists --print-errors "zlib >= $ZLIB_REQUIRED"
configure:13666: $? = 0
configure:13724: result: yes
configure:13767: checking for a Python interpreter with version >= 2.6
configure:13784: python -c import sys # split strings by '.' and convert to numeric. Append some zeros # because we need at least 4 digits for the hex conversion. # map returns an iterator in Python 3.0 and a list in 2.x minver = list(map(int, '2.6'.split('.'))) + [0, 0, 0] minverhex = 0 # xrange is not present in Python 3.0 and range returns an iterator for i in list(range(0, 4)): minverhex = (minverhex << 8) + minver[i] sys.exit(sys.hexversion < minverhex)
configure:13787: $? = 0
configure:13793: result: python
configure:13801: checking for python
configure:13819: found /usr/bin/python
configure:13831: result: /usr/bin/python
configure:13849: checking for python version
configure:13856: result: 2.7
configure:13868: checking for python platform
configure:13875: result: linux2
configure:13901: checking for python script directory
configure:13936: result: ${prefix}/lib/python2.7/dist-packages
configure:13945: checking for python extension module directory
configure:13980: result: ${exec_prefix}/lib/python2.7/dist-packages
configure:14057: checking for mysql
configure:14097: result: yes
configure:14010: checking for mysql_config
configure:14029: found /usr/bin/mysql_config
configure:14042: result: /usr/bin/mysql_config
configure:14110: checking mysql.h usability
configure:14110: gcc -c -g -O2 -I/usr/include/mysql  conftest.c >&5
configure:14110: $? = 0
configure:14110: result: yes
configure:14110: checking mysql.h presence
configure:14110: gcc -E -I/usr/include/mysql  conftest.c
configure:14110: $? = 0
configure:14110: result: yes
configure:14110: checking for mysql.h
configure:14110: result: yes
configure:14196: checking for postgresql
configure:14236: result: yes
configure:14149: checking for pg_config
configure:14181: result: no
configure:14191: WARNING: pg_config is required to build seafile server with postgresql
configure:14286: checking for FUSE
configure:14293: $PKG_CONFIG --exists --print-errors "fuse >= $FUSE_REQUIRED"
configure:14296: $? = 0
configure:14310: $PKG_CONFIG --exists --print-errors "fuse >= $FUSE_REQUIRED"
configure:14313: $? = 0
configure:14371: result: yes
configure:14382: checking for LIBARCHIVE
configure:14389: $PKG_CONFIG --exists --print-errors "libarchive >= $LIBARCHIVE_REQUIRED"
configure:14392: $? = 0
configure:14406: $PKG_CONFIG --exists --print-errors "libarchive >= $LIBARCHIVE_REQUIRED"
configure:14409: $? = 0
configure:14467: result: yes
configure:14588: checking that generated files are newer than configure
configure:14594: result: done
configure:14649: creating ./config.status

## ---------------------- ##
## Running config.status. ##
## ---------------------- ##

This file was extended by seafile config.status 6.0.1, which was
generated by GNU Autoconf 2.69.  Invocation command line was

  CONFIG_FILES    = 
  CONFIG_HEADERS  = 
  CONFIG_LINKS    = 
  CONFIG_COMMANDS = 
  $ ./config.status 

on zahir-VBUbuntu

config.status:1171: creating Makefile
config.status:1171: creating include/Makefile
config.status:1171: creating fuse/Makefile
config.status:1171: creating lib/Makefile
config.status:1171: creating lib/libseafile.pc
config.status:1171: creating common/Makefile
config.status:1171: creating common/cdc/Makefile
config.status:1171: creating common/db-wrapper/Makefile
config.status:1171: creating server/Makefile
config.status:1171: creating server/gc/Makefile
config.status:1171: creating python/Makefile
config.status:1171: creating python/seafile/Makefile
config.status:1171: creating python/seaserv/Makefile
config.status:1171: creating controller/Makefile
config.status:1171: creating tools/Makefile
config.status:1171: creating doc/Makefile
config.status:1171: creating config.h
config.status:1352: config.h is unchanged
config.status:1400: executing depfiles commands
config.status:1400: executing libtool commands

## ---------------- ##
## Cache variables. ##
## ---------------- ##

ac_cv_build=x86_64-pc-linux-gnu
ac_cv_c_compiler_gnu=yes
ac_cv_c_const=yes
ac_cv_env_CCNET_CFLAGS_set=
ac_cv_env_CCNET_CFLAGS_value=
ac_cv_env_CCNET_LIBS_set=
ac_cv_env_CCNET_LIBS_value=
ac_cv_env_CC_set=
ac_cv_env_CC_value=
ac_cv_env_CFLAGS_set=
ac_cv_env_CFLAGS_value=
ac_cv_env_CPPFLAGS_set=
ac_cv_env_CPPFLAGS_value=
ac_cv_env_CPP_set=
ac_cv_env_CPP_value=
ac_cv_env_FUSE_CFLAGS_set=
ac_cv_env_FUSE_CFLAGS_value=
ac_cv_env_FUSE_LIBS_set=
ac_cv_env_FUSE_LIBS_value=
ac_cv_env_GLIB2_CFLAGS_set=
ac_cv_env_GLIB2_CFLAGS_value=
ac_cv_env_GLIB2_LIBS_set=
ac_cv_env_GLIB2_LIBS_value=
ac_cv_env_GOBJECT_CFLAGS_set=
ac_cv_env_GOBJECT_CFLAGS_value=
ac_cv_env_GOBJECT_LIBS_set=
ac_cv_env_GOBJECT_LIBS_value=
ac_cv_env_JANSSON_CFLAGS_set=
ac_cv_env_JANSSON_CFLAGS_value=
ac_cv_env_JANSSON_LIBS_set=
ac_cv_env_JANSSON_LIBS_value=
ac_cv_env_LDFLAGS_set=
ac_cv_env_LDFLAGS_value=
ac_cv_env_LIBARCHIVE_CFLAGS_set=
ac_cv_env_LIBARCHIVE_CFLAGS_value=
ac_cv_env_LIBARCHIVE_LIBS_set=
ac_cv_env_LIBARCHIVE_LIBS_value=
ac_cv_env_LIBEVENT_CFLAGS_set=
ac_cv_env_LIBEVENT_CFLAGS_value=
ac_cv_env_LIBEVENT_LIBS_set=
ac_cv_env_LIBEVENT_LIBS_value=
ac_cv_env_LIBS_set=
ac_cv_env_LIBS_value=
ac_cv_env_LT_SYS_LIBRARY_PATH_set=
ac_cv_env_LT_SYS_LIBRARY_PATH_value=
ac_cv_env_PKG_CONFIG_LIBDIR_set=
ac_cv_env_PKG_CONFIG_LIBDIR_value=
ac_cv_env_PKG_CONFIG_PATH_set=
ac_cv_env_PKG_CONFIG_PATH_value=
ac_cv_env_PKG_CONFIG_set=
ac_cv_env_PKG_CONFIG_value=
ac_cv_env_PYTHON_set=
ac_cv_env_PYTHON_value=
ac_cv_env_SEARPC_CFLAGS_set=
ac_cv_env_SEARPC_CFLAGS_value=
ac_cv_env_SEARPC_LIBS_set=
ac_cv_env_SEARPC_LIBS_value=
ac_cv_env_SSL_CFLAGS_set=
ac_cv_env_SSL_CFLAGS_value=
ac_cv_env_SSL_LIBS_set=
ac_cv_env_SSL_LIBS_value=
ac_cv_env_ZLIB_CFLAGS_set=
ac_cv_env_ZLIB_CFLAGS_value=
ac_cv_env_ZLIB_LIBS_set=
ac_cv_env_ZLIB_LIBS_value=
ac_cv_env_build_alias_set=
ac_cv_env_build_alias_value=
ac_cv_env_host_alias_set=
ac_cv_env_host_alias_value=
ac_cv_env_target_alias_set=
ac_cv_env_target_alias_value=
ac_cv_header_dlfcn_h=yes
ac_cv_header_inttypes_h=yes
ac_cv_header_memory_h=yes
ac_cv_header_mysql_h=yes
ac_cv_header_stdc=yes
ac_cv_header_stdint_h=yes
ac_cv_header_stdlib_h=yes
ac_cv_header_string_h=yes
ac_cv_header_strings_h=yes
ac_cv_header_sys_stat_h=yes
ac_cv_header_sys_types_h=yes
ac_cv_header_unistd_h=yes
ac_cv_host=x86_64-pc-linux-gnu
ac_cv_lib_crypto_SHA1_Init=yes
ac_cv_lib_pthread_pthread_create=yes
ac_cv_lib_sqlite3_sqlite3_open=yes
ac_cv_lib_uuid_uuid_generate=yes
ac_cv_objext=o
ac_cv_path_EGREP='/bin/grep -E'
ac_cv_path_FGREP='/bin/grep -F'
ac_cv_path_GREP=/bin/grep
ac_cv_path_MYSQLCONFIG=/usr/bin/mysql_config
ac_cv_path_PGCONFIG=no
ac_cv_path_PYTHON=/usr/bin/python
ac_cv_path_SED=/bin/sed
ac_cv_path_ac_pt_PKG_CONFIG=/usr/bin/pkg-config
ac_cv_path_install='/usr/bin/install -c'
ac_cv_path_lt_DD=/bin/dd
ac_cv_path_mkdir=/bin/mkdir
ac_cv_prog_AWK=mawk
ac_cv_prog_CPP='gcc -E'
ac_cv_prog_ac_ct_AR=ar
ac_cv_prog_ac_ct_CC=gcc
ac_cv_prog_ac_ct_MANIFEST_TOOL=mt
ac_cv_prog_ac_ct_OBJDUMP=objdump
ac_cv_prog_ac_ct_RANLIB=ranlib
ac_cv_prog_ac_ct_STRIP=strip
ac_cv_prog_cc_c89=
ac_cv_prog_cc_g=yes
ac_cv_prog_make_make_set=yes
ac_cv_sys_file_offset_bits=no
ac_cv_sys_largefile_CC=no
am_cv_CC_dependencies_compiler_type=gcc3
am_cv_make_support_nested_variables=yes
am_cv_pathless_PYTHON=python
am_cv_prog_cc_c_o=yes
am_cv_python_platform=linux2
am_cv_python_pyexecdir='${exec_prefix}/lib/python2.7/dist-packages'
am_cv_python_pythondir='${prefix}/lib/python2.7/dist-packages'
am_cv_python_version=2.7
lt_cv_ar_at_file=@
lt_cv_archive_cmds_need_lc=no
lt_cv_deplibs_check_method=pass_all
lt_cv_file_magic_cmd='$MAGIC_CMD'
lt_cv_file_magic_test_file=
lt_cv_ld_reload_flag=-r
lt_cv_nm_interface='BSD nm'
lt_cv_objdir=.libs
lt_cv_path_LD=/usr/bin/ld
lt_cv_path_NM='/usr/bin/nm -B'
lt_cv_path_mainfest_tool=no
lt_cv_prog_compiler_c_o=yes
lt_cv_prog_compiler_pic='-fPIC -DPIC'
lt_cv_prog_compiler_pic_works=yes
lt_cv_prog_compiler_rtti_exceptions=no
lt_cv_prog_compiler_static_works=yes
lt_cv_prog_gnu_ld=yes
lt_cv_sharedlib_from_linklib_cmd='printf %s\n'
lt_cv_shlibpath_overrides_runpath=no
lt_cv_sys_global_symbol_pipe='sed -n -e '\''s/^.*[	 ]\([ABCDGIRSTW][ABCDGIRSTW]*\)[	 ][	 ]*\([_A-Za-z][_A-Za-z0-9]*\)$/\1 \2 \2/p'\'' | sed '\''/ __gnu_lto/d'\'''
lt_cv_sys_global_symbol_to_c_name_address='sed -n -e '\''s/^: \(.*\) .*$/  {"\1", (void *) 0},/p'\'' -e '\''s/^[ABCDGIRSTW][ABCDGIRSTW]* .* \(.*\)$/  {"\1", (void *) \&\1},/p'\'''
lt_cv_sys_global_symbol_to_c_name_address_lib_prefix='sed -n -e '\''s/^: \(.*\) .*$/  {"\1", (void *) 0},/p'\'' -e '\''s/^[ABCDGIRSTW][ABCDGIRSTW]* .* \(lib.*\)$/  {"\1", (void *) \&\1},/p'\'' -e '\''s/^[ABCDGIRSTW][ABCDGIRSTW]* .* \(.*\)$/  {"lib\1", (void *) \&\1},/p'\'''
lt_cv_sys_global_symbol_to_cdecl='sed -n -e '\''s/^T .* \(.*\)$/extern int \1();/p'\'' -e '\''s/^[ABCDGIRSTW][ABCDGIRSTW]* .* \(.*\)$/extern char \1;/p'\'''
lt_cv_sys_global_symbol_to_import=
lt_cv_sys_max_cmd_len=1572864
lt_cv_to_host_file_cmd=func_convert_file_noop
lt_cv_to_tool_file_cmd=func_convert_file_noop
lt_cv_truncate_bin='/bin/dd bs=4096 count=1'
pkg_cv_CCNET_CFLAGS='-pthread -I/usr/local/include -I/usr/local/include/searpc -I/usr/local/include -I/usr/include/glib-2.0 -I/usr/lib/x86_64-linux-gnu/glib-2.0/include -I/usr/include/glib-2.0 -I/usr/lib/x86_64-linux-gnu/glib-2.0/include'
pkg_cv_CCNET_LIBS='-L/usr/local/lib -lccnet -lsearpc -lgio-2.0 -lgobject-2.0 -lglib-2.0 -ljansson -levent -luuid -lgobject-2.0 -lglib-2.0'
pkg_cv_FUSE_CFLAGS='-D_FILE_OFFSET_BITS=64 -I/usr/include/fuse'
pkg_cv_FUSE_LIBS='-lfuse -pthread'
pkg_cv_GLIB2_CFLAGS='-I/usr/include/glib-2.0 -I/usr/lib/x86_64-linux-gnu/glib-2.0/include'
pkg_cv_GLIB2_LIBS=-lglib-2.0
pkg_cv_GOBJECT_CFLAGS='-I/usr/include/glib-2.0 -I/usr/lib/x86_64-linux-gnu/glib-2.0/include'
pkg_cv_GOBJECT_LIBS='-lgobject-2.0 -lglib-2.0'
pkg_cv_JANSSON_CFLAGS=-I/usr/local/include
pkg_cv_JANSSON_LIBS='-L/usr/local/lib -ljansson'
pkg_cv_LIBARCHIVE_CFLAGS=
pkg_cv_LIBARCHIVE_LIBS=-larchive
pkg_cv_LIBEVENT_CFLAGS=
pkg_cv_LIBEVENT_LIBS=-levent
pkg_cv_SEARPC_CFLAGS='-pthread -I/usr/local/include -I/usr/local/include/searpc -I/usr/local/include -I/usr/include/glib-2.0 -I/usr/lib/x86_64-linux-gnu/glib-2.0/include'
pkg_cv_SEARPC_LIBS='-L/usr/local/lib -lsearpc -lgio-2.0 -lgobject-2.0 -lglib-2.0 -ljansson'
pkg_cv_SSL_CFLAGS=
pkg_cv_SSL_LIBS='-lssl -lcrypto'
pkg_cv_ZLIB_CFLAGS=
pkg_cv_ZLIB_LIBS=-lz

## ----------------- ##
## Output variables. ##
## ----------------- ##

ACLOCAL='${SHELL} /home/dev/seafile-server/missing aclocal-1.15'
AMDEPBACKSLASH='\'
AMDEP_FALSE='#'
AMDEP_TRUE=''
AMTAR='$${TAR-tar}'
AM_BACKSLASH='\'
AM_DEFAULT_V='$(AM_DEFAULT_VERBOSITY)'
AM_DEFAULT_VERBOSITY='1'
AM_V='$(V)'
AR='ar'
AUTOCONF='${SHELL} /home/dev/seafile-server/missing autoconf'
AUTOHEADER='${SHELL} /home/dev/seafile-server/missing autoheader'
AUTOMAKE='${SHELL} /home/dev/seafile-server/missing automake-1.15'
AWK='mawk'
CC='gcc'
CCDEPMODE='depmode=gcc3'
CCNET_CFLAGS='-pthread -I/usr/local/include -I/usr/local/include/searpc -I/usr/local/include -I/usr/include/glib-2.0 -I/usr/lib/x86_64-linux-gnu/glib-2.0/include -I/usr/include/glib-2.0 -I/usr/lib/x86_64-linux-gnu/glib-2.0/include'
CCNET_LIBS='-L/usr/local/lib -lccnet -lsearpc -lgio-2.0 -lgobject-2.0 -lglib-2.0 -ljansson -levent -luuid -lgobject-2.0 -lglib-2.0'
CFLAGS='-g -O2'
COMPILE_FUSE_FALSE='#'
COMPILE_FUSE_TRUE=''
COMPILE_PYTHON_FALSE='#'
COMPILE_PYTHON_TRUE=''
COMPILE_TOOLS_FALSE='#'
COMPILE_TOOLS_TRUE=''
CONSOLE=''
CPP='gcc -E'
CPPFLAGS=''
CYGPATH_W='echo'
DEFS='-DHAVE_CONFIG_H'
DEPDIR='.deps'
DLLTOOL='false'
DSYMUTIL=''
DUMPBIN=''
ECHO_C=''
ECHO_N='-n'
ECHO_T=''
EGREP='/bin/grep -E'
EXEEXT=''
FGREP='/bin/grep -F'
FUSE_CFLAGS='-D_FILE_OFFSET_BITS=64 -I/usr/include/fuse'
FUSE_LIBS='-lfuse -pthread'
GLIB2_CFLAGS='-I/usr/include/glib-2.0 -I/usr/lib/x86_64-linux-gnu/glib-2.0/include'
GLIB2_LIBS='-lglib-2.0'
GOBJECT_CFLAGS='-I/usr/include/glib-2.0 -I/usr/lib/x86_64-linux-gnu/glib-2.0/include'
GOBJECT_LIBS='-lgobject-2.0 -lglib-2.0'
GREP='/bin/grep'
INSTALL_DATA='${INSTALL} -m 644'
INSTALL_PROGRAM='${INSTALL}'
INSTALL_SCRIPT='${INSTALL}'
INSTALL_STRIP_PROGRAM='$(install_sh) -c -s'
JANSSON_CFLAGS='-I/usr/local/include'
JANSSON_LIBS='-L/usr/local/lib -ljansson'
LD='/usr/bin/ld -m elf_x86_64'
LDFLAGS=''
LIBARCHIVE_CFLAGS=''
LIBARCHIVE_LIBS='-larchive'
LIBEVENT_CFLAGS=''
LIBEVENT_LIBS='-levent'
LIBOBJS=''
LIBS=''
LIBTOOL='$(SHELL) $(top_builddir)/libtool'
LIBTOOL_DEPS='./ltmain.sh'
LIB_CRYPT32=''
LIB_GDI32=''
LIB_ICONV=''
LIB_INTL=''
LIB_IPHLPAPI=''
LIB_MAC=''
LIB_PSAPI=''
LIB_RESOLV='-lresolv'
LIB_RT=''
LIB_SHELL32=''
LIB_UUID='-luuid'
LIB_WS32=''
LINUX_FALSE='#'
LINUX_TRUE=''
LIPO=''
LN_S='ln -s'
LTLIBOBJS=''
LT_SYS_LIBRARY_PATH=''
MACOS_FALSE=''
MACOS_TRUE='#'
MAKEINFO='${SHELL} /home/dev/seafile-server/missing makeinfo'
MANIFEST_TOOL=':'
MKDIR_P='/bin/mkdir -p'
MSVC_CFLAGS=''
MYSQLCONFIG='/usr/bin/mysql_config'
MYSQL_CFLAGS='-I/usr/include/mysql'
MYSQL_LIBS='-L/usr/lib/x86_64-linux-gnu -lmysqlclient -lpthread -lz -lm -lrt -ldl'
NM='/usr/bin/nm -B'
NMEDIT=''
OBJDUMP='objdump'
OBJEXT='o'
OTOOL64=''
OTOOL=''
PACKAGE='seafile'
PACKAGE_BUGREPORT='freeplant@gmail.com'
PACKAGE_NAME='seafile'
PACKAGE_STRING='seafile 6.0.1'
PACKAGE_TARNAME='seafile'
PACKAGE_URL=''
PACKAGE_VERSION='6.0.1'
PATH_SEPARATOR=':'
PGCONFIG='no'
PGSQL_CFLAGS=''
PGSQL_LIBS=''
PKG_CONFIG='/usr/bin/pkg-config'
PKG_CONFIG_LIBDIR=''
PKG_CONFIG_PATH=''
PYTHON='/usr/bin/python'
PYTHON_EXEC_PREFIX='${exec_prefix}'
PYTHON_PLATFORM='linux2'
PYTHON_PREFIX='${prefix}'
PYTHON_VERSION='2.7'
RANLIB='ranlib'
SEARPC_CFLAGS='-pthread -I/usr/local/include -I/usr/local/include/searpc -I/usr/local/include -I/usr/include/glib-2.0 -I/usr/lib/x86_64-linux-gnu/glib-2.0/include'
SEARPC_LIBS='-L/usr/local/lib -lsearpc -lgio-2.0 -lgobject-2.0 -lglib-2.0 -ljansson'
SED='/bin/sed'
SET_MAKE=''
SHELL='/bin/bash'
SSL_CFLAGS=''
SSL_LIBS='-lssl -lcrypto'
STRIP='strip'
VERSION='6.0.1'
WIN32_FALSE=''
WIN32_TRUE='#'
WITH_MYSQL_FALSE='#'
WITH_MYSQL_TRUE=''
WITH_POSTGRESQL_FALSE=''
WITH_POSTGRESQL_TRUE='#'
ZLIB_CFLAGS=''
ZLIB_LIBS='-lz'
ac_ct_AR='ar'
ac_ct_CC='gcc'
ac_ct_DUMPBIN=''
am__EXEEXT_FALSE=''
am__EXEEXT_TRUE='#'
am__fastdepCC_FALSE='#'
am__fastdepCC_TRUE=''
am__include='include'
am__isrc=''
am__leading_dot='.'
am__nodep='_no'
am__quote=''
am__tar='$${TAR-tar} chof - "$$tardir"'
am__untar='$${TAR-tar} xf -'
bindir='${exec_prefix}/bin'
build='x86_64-pc-linux-gnu'
build_alias=''
build_cpu='x86_64'
build_os='linux-gnu'
build_vendor='pc'
datadir='${datarootdir}'
datarootdir='${prefix}/share'
docdir='${datarootdir}/doc/${PACKAGE_TARNAME}'
dvidir='${docdir}'
exec_prefix='${prefix}'
host='x86_64-pc-linux-gnu'
host_alias=''
host_cpu='x86_64'
host_os='linux-gnu'
host_vendor='pc'
htmldir='${docdir}'
includedir='${prefix}/include'
infodir='${datarootdir}/info'
install_sh='${SHELL} /home/dev/seafile-server/install-sh'
libdir='${exec_prefix}/lib'
libexecdir='${exec_prefix}/libexec'
localedir='${datarootdir}/locale'
localstatedir='${prefix}/var'
mandir='${datarootdir}/man'
mkdir_p='$(MKDIR_P)'
oldincludedir='/usr/include'
pdfdir='${docdir}'
pkgpyexecdir='${pyexecdir}/seafile'
pkgpythondir='${pythondir}/seafile'
prefix='/usr/local'
program_transform_name='s,x,x,'
psdir='${docdir}'
pyexecdir='${exec_prefix}/lib/python2.7/dist-packages'
pythondir='${prefix}/lib/python2.7/dist-packages'
runstatedir='${localstatedir}/run'
sbindir='${exec_prefix}/sbin'
sharedstatedir='${prefix}/com'
sysconfdir='${prefix}/etc'
target_alias=''

## ----------- ##
## confdefs.h. ##
## ----------- ##

/* confdefs.h */
#define PACKAGE_NAME "seafile"
#define PACKAGE_TARNAME "seafile"
#define PACKAGE_VERSION "6.0.1"
#define PACKAGE_STRING "seafile 6.0.1"
#define PACKAGE_BUGREPORT "freeplant@gmail.com"
#define PACKAGE_URL ""
#define PACKAGE "seafile"
#define VERSION "6.0.1"
#define STDC_HEADERS 1
#define HAVE_SYS_TYPES_H 1
#define HAVE_SYS_STAT_H 1
#define HAVE_STDLIB_H 1
#define HAVE_STRING_H 1
#define HAVE_MEMORY_H 1
#define HAVE_STRINGS_H 1
#define HAVE_INTTYPES_H 1
#define HAVE_STDINT_H 1
#define HAVE_UNISTD_H 1
#define HAVE_DLFCN_H 1
#define LT_OBJDIR ".libs/"
#define HAVE_MYSQL_H 1
#define HAVE_MYSQL 1

configure: exit 0

## ---------------------- ##
## Running config.status. ##
## ---------------------- ##

This file was extended by seafile config.status 6.0.1, which was
generated by GNU Autoconf 2.69.  Invocation command line was

  CONFIG_FILES    = 
  CONFIG_HEADERS  = 
  CONFIG_LINKS    = 
  CONFIG_COMMANDS = 
  $ ./config.status config.h

on zahir-VBUbuntu

config.status:1171: creating config.h
config.status:1352: config.h is unchanged
